DEBUG 12/23/2019 06:18:26 PM :test
INFO 12/23/2019 06:18:26 PM :获取所有图片地址
INFO 12/23/2019 06:18:26 PM :{'33456': [['/home/qinyu/myproject/pythonProject/examination_opencv/examination_pro/examination_flask/inventory/utemp/33456/1576078823/1576078823.jpeg'], ['/home/qinyu/myproject/pythonProject/examination_opencv/examination_pro/examination_flask/inventory/utemp/33456/1576078828/1576078828.jpeg']], '334561': [['/home/qinyu/myproject/pythonProject/examination_opencv/examination_pro/examination_flask/inventory/utemp/334561/1576078823/1576078823.jpeg'], ['/home/qinyu/myproject/pythonProject/examination_opencv/examination_pro/examination_flask/inventory/utemp/334561/1576078828/1576078828.jpeg']]}
INFO 12/23/2019 06:18:26 PM :本文件夹下所有图片 ['/home/qinyu/myproject/pythonProject/examination_opencv/examination_pro/examination_flask/inventory/utemp/33456/1576078823/1576078823.jpeg']
INFO 12/23/2019 06:18:26 PM :处理本张图片  "/home/qinyu/myproject/pythonProject/examination_opencv/examination_pro/examination_flask/inventory/utemp/33456/1576078823/1576078823.jpeg"
INFO 12/23/2019 06:18:26 PM :获取学号72858110
ERROR 12/23/2019 06:18:26 PM :处理的图片返回flag为False {'flag': False, 'data': {'MultipleChose': [(1, [3]), (2, [1]), (3, [4]), (4, [2]), (5, [4]), (6, [1]), (7, [3]), (8, [2]), (9, [4]), (10, [1]), (11, [3]), (12, [1]), (13, [5, 3]), (14, [4]), (15, [2]), (16, [4]), (17, [3]), (18, [5]), (19, [2]), (20, [4]), (21, [5]), (22, [3]), (23, [2]), (24, [5]), (25, [3])], 'MultipleChose_image': array([[ 63,  73,  81, ..., 214, 213, 213],
       [ 42,  73, 101, ..., 218, 219, 214],
       [ 64, 120, 166, ..., 210, 223, 223],
       ...,
       [ 34,  66,  72, ..., 201, 209, 211],
       [ 84, 101,  96, ..., 212, 213, 213],
       [195, 193, 188, ..., 219, 214, 213]], dtype=uint8), 'subjective_01': array([[157,  66,  30, ...,  46, 117, 201],
       [155,  63,  28, ...,  51, 121, 203],
       [156,  65,  30, ...,  53, 121, 203],
       ...,
       [101,  26,   4, ...,  60, 143, 213],
       [100,  24,   4, ...,  66, 147, 214],
       [100,  27,   8, ...,  71, 153, 221]], dtype=uint8), 'subjective_02': array([[103,  31,   7, ...,  64, 153, 223],
       [106,  32,   8, ...,  59, 147, 220],
       [104,  31,  13, ...,  67, 152, 225],
       ...,
       [127,  28,   7, ...,  64, 147, 190],
       [126,  27,   6, ...,  60, 144, 188],
       [126,  30,   7, ...,  60, 142, 186]], dtype=uint8)}, 'msg': 'ID位数有问题目前为8'}
INFO 12/23/2019 06:18:26 PM :得到所有的获取到的所有key:dict_keys([])
INFO 12/23/2019 06:18:26 PM :扫描出来的图片无ＩＤ号！ "['/home/qinyu/myproject/pythonProject/examination_opencv/examination_pro/examination_flask/inventory/utemp/33456/1576078823/1576078823.jpeg']"
DEBUG 12/23/2019 06:19:56 PM :test
INFO 12/23/2019 06:19:56 PM :获取所有图片地址
INFO 12/23/2019 06:19:56 PM :{'334561': [['/home/qinyu/myproject/pythonProject/examination_opencv/examination_pro/examination_flask/inventory/utemp/334561/1576078823/1576078823.jpeg'], ['/home/qinyu/myproject/pythonProject/examination_opencv/examination_pro/examination_flask/inventory/utemp/334561/1576078828/1576078828.jpeg']], '33456': [['/home/qinyu/myproject/pythonProject/examination_opencv/examination_pro/examination_flask/inventory/utemp/33456/1576078823/1576078823.jpeg'], ['/home/qinyu/myproject/pythonProject/examination_opencv/examination_pro/examination_flask/inventory/utemp/33456/1576078828/1576078828.jpeg']]}
INFO 12/23/2019 06:19:56 PM :本文件夹下所有图片 ['/home/qinyu/myproject/pythonProject/examination_opencv/examination_pro/examination_flask/inventory/utemp/334561/1576078823/1576078823.jpeg']
INFO 12/23/2019 06:19:56 PM :处理本张图片  "/home/qinyu/myproject/pythonProject/examination_opencv/examination_pro/examination_flask/inventory/utemp/334561/1576078823/1576078823.jpeg"
INFO 12/23/2019 06:19:56 PM :获取学号72858110
ERROR 12/23/2019 06:19:56 PM :处理的图片返回flag为False {'flag': False, 'data': {'MultipleChose': [(1, [3]), (2, [1]), (3, [4]), (4, [2]), (5, [4]), (6, [1]), (7, [3]), (8, [2]), (9, [4]), (10, [1]), (11, [3]), (12, [1]), (13, [5, 3]), (14, [4]), (15, [2]), (16, [4]), (17, [3]), (18, [5]), (19, [2]), (20, [4]), (21, [5]), (22, [3]), (23, [2]), (24, [5]), (25, [3])], 'MultipleChose_image': array([[ 63,  73,  81, ..., 214, 213, 213],
       [ 42,  73, 101, ..., 218, 219, 214],
       [ 64, 120, 166, ..., 210, 223, 223],
       ...,
       [ 34,  66,  72, ..., 201, 209, 211],
       [ 84, 101,  96, ..., 212, 213, 213],
       [195, 193, 188, ..., 219, 214, 213]], dtype=uint8), 'subjective_01': array([[157,  66,  30, ...,  46, 117, 201],
       [155,  63,  28, ...,  51, 121, 203],
       [156,  65,  30, ...,  53, 121, 203],
       ...,
       [101,  26,   4, ...,  60, 143, 213],
       [100,  24,   4, ...,  66, 147, 214],
       [100,  27,   8, ...,  71, 153, 221]], dtype=uint8), 'subjective_02': array([[103,  31,   7, ...,  64, 153, 223],
       [106,  32,   8, ...,  59, 147, 220],
       [104,  31,  13, ...,  67, 152, 225],
       ...,
       [127,  28,   7, ...,  64, 147, 190],
       [126,  27,   6, ...,  60, 144, 188],
       [126,  30,   7, ...,  60, 142, 186]], dtype=uint8)}, 'msg': 'ID位数有问题目前为8'}
INFO 12/23/2019 06:19:56 PM :得到所有的获取到的所有key:dict_keys([])
ERROR 12/23/2019 06:19:56 PM :扫描出来的图片无ＩＤ号！ "['/home/qinyu/myproject/pythonProject/examination_opencv/examination_pro/examination_flask/inventory/utemp/334561/1576078823/1576078823.jpeg']"
DEBUG 12/23/2019 06:20:38 PM :test
INFO 12/23/2019 06:20:38 PM :获取所有图片地址
INFO 12/23/2019 06:20:38 PM :{'33456': [['/home/qinyu/myproject/pythonProject/examination_opencv/examination_pro/examination_flask/inventory/utemp/33456/1576078823/1576078823.jpeg'], ['/home/qinyu/myproject/pythonProject/examination_opencv/examination_pro/examination_flask/inventory/utemp/33456/1576078828/1576078828.jpeg']], '334561': [['/home/qinyu/myproject/pythonProject/examination_opencv/examination_pro/examination_flask/inventory/utemp/334561/1576078823/1576078823.jpeg'], ['/home/qinyu/myproject/pythonProject/examination_opencv/examination_pro/examination_flask/inventory/utemp/334561/1576078828/1576078828.jpeg']]}
INFO 12/23/2019 06:20:44 PM :本文件夹下所有图片 ['/home/qinyu/myproject/pythonProject/examination_opencv/examination_pro/examination_flask/inventory/utemp/33456/1576078823/1576078823.jpeg']
INFO 12/23/2019 06:20:44 PM :处理本张图片  "/home/qinyu/myproject/pythonProject/examination_opencv/examination_pro/examination_flask/inventory/utemp/33456/1576078823/1576078823.jpeg"
INFO 12/23/2019 06:20:56 PM :获取学号72858110
DEBUG 12/23/2019 06:26:44 PM :test
INFO 12/23/2019 06:26:44 PM :获取所有图片地址
INFO 12/23/2019 06:26:44 PM :{'334561': [['/home/qinyu/myproject/pythonProject/examination_opencv/examination_pro/examination_flask/inventory/utemp/334561/1576078823/1576078823.jpeg'], ['/home/qinyu/myproject/pythonProject/examination_opencv/examination_pro/examination_flask/inventory/utemp/334561/1576078828/1576078828.jpeg']], '33456': [['/home/qinyu/myproject/pythonProject/examination_opencv/examination_pro/examination_flask/inventory/utemp/33456/1576078823/1576078823.jpeg'], ['/home/qinyu/myproject/pythonProject/examination_opencv/examination_pro/examination_flask/inventory/utemp/33456/1576078828/1576078828.jpeg']]}
INFO 12/23/2019 06:26:44 PM :本文件夹下所有图片 ['/home/qinyu/myproject/pythonProject/examination_opencv/examination_pro/examination_flask/inventory/utemp/334561/1576078823/1576078823.jpeg']
INFO 12/23/2019 06:26:44 PM :处理本张图片  "/home/qinyu/myproject/pythonProject/examination_opencv/examination_pro/examination_flask/inventory/utemp/334561/1576078823/1576078823.jpeg"
INFO 12/23/2019 06:26:44 PM :获取学号6174709
INFO 12/23/2019 06:26:44 PM :得到所有的获取到的所有key:dict_keys(['MultipleChose', 'MultipleChose_image', 'ID', 'ID_image', 'subjective_01', 'subjective_02'])
INFO 12/23/2019 06:26:44 PM :获取到的学号ID:6174709
INFO 12/23/2019 06:26:44 PM :本文件夹下所有图片 ['/home/qinyu/myproject/pythonProject/examination_opencv/examination_pro/examination_flask/inventory/utemp/334561/1576078828/1576078828.jpeg']
INFO 12/23/2019 06:26:44 PM :处理本张图片  "/home/qinyu/myproject/pythonProject/examination_opencv/examination_pro/examination_flask/inventory/utemp/334561/1576078828/1576078828.jpeg"
INFO 12/23/2019 06:26:44 PM :获取学号3565637
INFO 12/23/2019 06:26:44 PM :得到所有的获取到的所有key:dict_keys(['MultipleChose', 'MultipleChose_image', 'ID', 'ID_image', 'subjective_01', 'subjective_02'])
INFO 12/23/2019 06:26:44 PM :获取到的学号ID:3565637
INFO 12/23/2019 06:26:44 PM :本文件夹下所有图片 ['/home/qinyu/myproject/pythonProject/examination_opencv/examination_pro/examination_flask/inventory/utemp/33456/1576078823/1576078823.jpeg']
INFO 12/23/2019 06:26:44 PM :处理本张图片  "/home/qinyu/myproject/pythonProject/examination_opencv/examination_pro/examination_flask/inventory/utemp/33456/1576078823/1576078823.jpeg"
INFO 12/23/2019 06:26:44 PM :获取学号6174709
INFO 12/23/2019 06:26:44 PM :得到所有的获取到的所有key:dict_keys(['MultipleChose', 'MultipleChose_image', 'ID', 'ID_image', 'subjective_01', 'subjective_02'])
INFO 12/23/2019 06:26:44 PM :获取到的学号ID:6174709
INFO 12/23/2019 06:26:44 PM :本文件夹下所有图片 ['/home/qinyu/myproject/pythonProject/examination_opencv/examination_pro/examination_flask/inventory/utemp/33456/1576078828/1576078828.jpeg']
INFO 12/23/2019 06:26:44 PM :处理本张图片  "/home/qinyu/myproject/pythonProject/examination_opencv/examination_pro/examination_flask/inventory/utemp/33456/1576078828/1576078828.jpeg"
INFO 12/23/2019 06:26:44 PM :获取学号3565637
INFO 12/23/2019 06:26:44 PM :得到所有的获取到的所有key:dict_keys(['MultipleChose', 'MultipleChose_image', 'ID', 'ID_image', 'subjective_01', 'subjective_02'])
INFO 12/23/2019 06:26:44 PM :获取到的学号ID:3565637
DEBUG 12/23/2019 06:57:01 PM :test
INFO 12/23/2019 06:57:01 PM :获取所有图片地址
INFO 12/23/2019 06:57:01 PM :{'33456': [['/home/qinyu/myproject/pythonProject/examination_opencv/examination_pro/examination_flask/inventory/utemp/33456/1576078823/1576078823.jpeg'], ['/home/qinyu/myproject/pythonProject/examination_opencv/examination_pro/examination_flask/inventory/utemp/33456/1576078828/1576078828.jpeg']], '334561': [['/home/qinyu/myproject/pythonProject/examination_opencv/examination_pro/examination_flask/inventory/utemp/334561/1576078823/1576078823.jpeg'], ['/home/qinyu/myproject/pythonProject/examination_opencv/examination_pro/examination_flask/inventory/utemp/334561/1576078828/1576078828.jpeg']]}
INFO 12/23/2019 06:57:01 PM :本文件夹下所有图片 ['/home/qinyu/myproject/pythonProject/examination_opencv/examination_pro/examination_flask/inventory/utemp/33456/1576078823/1576078823.jpeg']
INFO 12/23/2019 06:57:01 PM :处理本张图片  "/home/qinyu/myproject/pythonProject/examination_opencv/examination_pro/examination_flask/inventory/utemp/33456/1576078823/1576078823.jpeg"
INFO 12/23/2019 06:57:01 PM :得到所有的获取到的所有key:dict_keys(['MultipleChose', 'MultipleChose_image', 'ID', 'ID_image', 'subjective_01', 'subjective_02'])
INFO 12/23/2019 06:57:01 PM :获取到的学号ID:6174709
DEBUG 12/23/2019 06:59:40 PM :test
INFO 12/23/2019 06:59:40 PM :获取所有图片地址
INFO 12/23/2019 06:59:40 PM :{'334561': [['/home/qinyu/myproject/pythonProject/examination_opencv/examination_pro/examination_flask/inventory/utemp/334561/1576078823/1576078823.jpeg'], ['/home/qinyu/myproject/pythonProject/examination_opencv/examination_pro/examination_flask/inventory/utemp/334561/1576078828/1576078828.jpeg']], '33456': [['/home/qinyu/myproject/pythonProject/examination_opencv/examination_pro/examination_flask/inventory/utemp/33456/1576078823/1576078823.jpeg'], ['/home/qinyu/myproject/pythonProject/examination_opencv/examination_pro/examination_flask/inventory/utemp/33456/1576078828/1576078828.jpeg']]}
INFO 12/23/2019 06:59:40 PM :本文件夹下所有图片 ['/home/qinyu/myproject/pythonProject/examination_opencv/examination_pro/examination_flask/inventory/utemp/334561/1576078823/1576078823.jpeg']
INFO 12/23/2019 06:59:40 PM :处理本张图片  "/home/qinyu/myproject/pythonProject/examination_opencv/examination_pro/examination_flask/inventory/utemp/334561/1576078823/1576078823.jpeg"
INFO 12/23/2019 06:59:40 PM :得到所有的获取到的所有key:dict_keys(['MultipleChose', 'MultipleChose_image', 'ID', 'ID_image', 'subjective_01', 'subjective_02'])
INFO 12/23/2019 06:59:40 PM :获取到的学号ID:6174709
DEBUG 12/23/2019 07:00:38 PM :test
INFO 12/23/2019 07:00:38 PM :获取所有图片地址
INFO 12/23/2019 07:00:38 PM :{'334561': [['/home/qinyu/myproject/pythonProject/examination_opencv/examination_pro/examination_flask/inventory/utemp/334561/1576078823/1576078823.jpeg'], ['/home/qinyu/myproject/pythonProject/examination_opencv/examination_pro/examination_flask/inventory/utemp/334561/1576078828/1576078828.jpeg']], '33456': [['/home/qinyu/myproject/pythonProject/examination_opencv/examination_pro/examination_flask/inventory/utemp/33456/1576078823/1576078823.jpeg'], ['/home/qinyu/myproject/pythonProject/examination_opencv/examination_pro/examination_flask/inventory/utemp/33456/1576078828/1576078828.jpeg']]}
INFO 12/23/2019 07:00:38 PM :本文件夹下所有图片 ['/home/qinyu/myproject/pythonProject/examination_opencv/examination_pro/examination_flask/inventory/utemp/334561/1576078823/1576078823.jpeg']
INFO 12/23/2019 07:00:38 PM :处理本张图片  "/home/qinyu/myproject/pythonProject/examination_opencv/examination_pro/examination_flask/inventory/utemp/334561/1576078823/1576078823.jpeg"
INFO 12/23/2019 07:00:38 PM :得到所有的获取到的所有key:dict_keys(['MultipleChose', 'MultipleChose_image', 'ID', 'ID_image', 'subjective_01', 'subjective_02'])
INFO 12/23/2019 07:00:38 PM :获取到的学号ID:6174709
DEBUG 12/23/2019 07:01:01 PM :test
INFO 12/23/2019 07:01:01 PM :获取所有图片地址
INFO 12/23/2019 07:01:01 PM :{'334561': [['/home/qinyu/myproject/pythonProject/examination_opencv/examination_pro/examination_flask/inventory/utemp/334561/1576078823/1576078823.jpeg'], ['/home/qinyu/myproject/pythonProject/examination_opencv/examination_pro/examination_flask/inventory/utemp/334561/1576078828/1576078828.jpeg']], '33456': [['/home/qinyu/myproject/pythonProject/examination_opencv/examination_pro/examination_flask/inventory/utemp/33456/1576078823/1576078823.jpeg'], ['/home/qinyu/myproject/pythonProject/examination_opencv/examination_pro/examination_flask/inventory/utemp/33456/1576078828/1576078828.jpeg']]}
INFO 12/23/2019 07:01:01 PM :本文件夹下所有图片 ['/home/qinyu/myproject/pythonProject/examination_opencv/examination_pro/examination_flask/inventory/utemp/334561/1576078823/1576078823.jpeg']
INFO 12/23/2019 07:01:01 PM :处理本张图片  "/home/qinyu/myproject/pythonProject/examination_opencv/examination_pro/examination_flask/inventory/utemp/334561/1576078823/1576078823.jpeg"
INFO 12/23/2019 07:01:01 PM :得到所有的获取到的所有key:dict_keys(['MultipleChose', 'MultipleChose_image', 'ID', 'ID_image', 'subjective_01', 'subjective_02'])
INFO 12/23/2019 07:01:01 PM :获取到的学号ID:6174709
DEBUG 12/23/2019 07:02:41 PM :test
INFO 12/23/2019 07:02:41 PM :获取所有图片地址
INFO 12/23/2019 07:02:41 PM :{'33456': [['/home/qinyu/myproject/pythonProject/examination_opencv/examination_pro/examination_flask/inventory/utemp/33456/1576078823/1576078823.jpeg'], ['/home/qinyu/myproject/pythonProject/examination_opencv/examination_pro/examination_flask/inventory/utemp/33456/1576078828/1576078828.jpeg']], '334561': [['/home/qinyu/myproject/pythonProject/examination_opencv/examination_pro/examination_flask/inventory/utemp/334561/1576078823/1576078823.jpeg'], ['/home/qinyu/myproject/pythonProject/examination_opencv/examination_pro/examination_flask/inventory/utemp/334561/1576078828/1576078828.jpeg']]}
INFO 12/23/2019 07:02:41 PM :本文件夹下所有图片 ['/home/qinyu/myproject/pythonProject/examination_opencv/examination_pro/examination_flask/inventory/utemp/33456/1576078823/1576078823.jpeg']
INFO 12/23/2019 07:02:41 PM :处理本张图片  "/home/qinyu/myproject/pythonProject/examination_opencv/examination_pro/examination_flask/inventory/utemp/33456/1576078823/1576078823.jpeg"
INFO 12/23/2019 07:02:41 PM :得到所有的获取到的所有key:dict_keys(['MultipleChose', 'MultipleChose_image', 'ID', 'ID_image', 'subjective_01', 'subjective_02'])
INFO 12/23/2019 07:02:41 PM :获取到的学号ID:6174709
INFO 12/23/2019 07:02:41 PM :本文件夹下所有图片 ['/home/qinyu/myproject/pythonProject/examination_opencv/examination_pro/examination_flask/inventory/utemp/33456/1576078828/1576078828.jpeg']
INFO 12/23/2019 07:02:41 PM :处理本张图片  "/home/qinyu/myproject/pythonProject/examination_opencv/examination_pro/examination_flask/inventory/utemp/33456/1576078828/1576078828.jpeg"
INFO 12/23/2019 07:02:41 PM :得到所有的获取到的所有key:dict_keys(['MultipleChose', 'MultipleChose_image', 'ID', 'ID_image', 'subjective_01', 'subjective_02'])
INFO 12/23/2019 07:02:41 PM :获取到的学号ID:3565637
INFO 12/23/2019 07:02:41 PM :本文件夹下所有图片 ['/home/qinyu/myproject/pythonProject/examination_opencv/examination_pro/examination_flask/inventory/utemp/334561/1576078823/1576078823.jpeg']
INFO 12/23/2019 07:02:41 PM :处理本张图片  "/home/qinyu/myproject/pythonProject/examination_opencv/examination_pro/examination_flask/inventory/utemp/334561/1576078823/1576078823.jpeg"
INFO 12/23/2019 07:02:41 PM :得到所有的获取到的所有key:dict_keys(['MultipleChose', 'MultipleChose_image', 'ID', 'ID_image', 'subjective_01', 'subjective_02'])
INFO 12/23/2019 07:02:41 PM :获取到的学号ID:6174709
INFO 12/23/2019 07:02:42 PM :本文件夹下所有图片 ['/home/qinyu/myproject/pythonProject/examination_opencv/examination_pro/examination_flask/inventory/utemp/334561/1576078828/1576078828.jpeg']
INFO 12/23/2019 07:02:42 PM :处理本张图片  "/home/qinyu/myproject/pythonProject/examination_opencv/examination_pro/examination_flask/inventory/utemp/334561/1576078828/1576078828.jpeg"
INFO 12/23/2019 07:02:42 PM :得到所有的获取到的所有key:dict_keys(['MultipleChose', 'MultipleChose_image', 'ID', 'ID_image', 'subjective_01', 'subjective_02'])
INFO 12/23/2019 07:02:42 PM :获取到的学号ID:3565637
DEBUG 12/23/2019 07:04:31 PM :test
INFO 12/23/2019 07:04:31 PM :获取所有图片地址
INFO 12/23/2019 07:04:31 PM :{'33456': [['/home/qinyu/myproject/pythonProject/examination_opencv/examination_pro/examination_flask/inventory/utemp/33456/1576078823/1576078823.jpeg'], ['/home/qinyu/myproject/pythonProject/examination_opencv/examination_pro/examination_flask/inventory/utemp/33456/1576078828/1576078828.jpeg']], '334561': [['/home/qinyu/myproject/pythonProject/examination_opencv/examination_pro/examination_flask/inventory/utemp/334561/1576078823/1576078823.jpeg'], ['/home/qinyu/myproject/pythonProject/examination_opencv/examination_pro/examination_flask/inventory/utemp/334561/1576078828/1576078828.jpeg']]}
INFO 12/23/2019 07:04:31 PM :本文件夹下所有图片 ['/home/qinyu/myproject/pythonProject/examination_opencv/examination_pro/examination_flask/inventory/utemp/33456/1576078823/1576078823.jpeg']
INFO 12/23/2019 07:04:31 PM :处理本张图片  "/home/qinyu/myproject/pythonProject/examination_opencv/examination_pro/examination_flask/inventory/utemp/33456/1576078823/1576078823.jpeg"
INFO 12/23/2019 07:04:31 PM :得到所有的获取到的所有key:dict_keys(['MultipleChose', 'MultipleChose_image', 'ID', 'ID_image', 'subjective_01', 'subjective_02'])
INFO 12/23/2019 07:04:31 PM :获取到的学号ID:6174709
INFO 12/23/2019 07:04:31 PM :本文件夹下所有图片 ['/home/qinyu/myproject/pythonProject/examination_opencv/examination_pro/examination_flask/inventory/utemp/33456/1576078828/1576078828.jpeg']
INFO 12/23/2019 07:04:31 PM :处理本张图片  "/home/qinyu/myproject/pythonProject/examination_opencv/examination_pro/examination_flask/inventory/utemp/33456/1576078828/1576078828.jpeg"
INFO 12/23/2019 07:04:31 PM :得到所有的获取到的所有key:dict_keys(['MultipleChose', 'MultipleChose_image', 'ID', 'ID_image', 'subjective_01', 'subjective_02'])
INFO 12/23/2019 07:04:31 PM :获取到的学号ID:3565637
INFO 12/23/2019 07:04:31 PM :本文件夹下所有图片 ['/home/qinyu/myproject/pythonProject/examination_opencv/examination_pro/examination_flask/inventory/utemp/334561/1576078823/1576078823.jpeg']
INFO 12/23/2019 07:04:31 PM :处理本张图片  "/home/qinyu/myproject/pythonProject/examination_opencv/examination_pro/examination_flask/inventory/utemp/334561/1576078823/1576078823.jpeg"
INFO 12/23/2019 07:04:31 PM :得到所有的获取到的所有key:dict_keys(['MultipleChose', 'MultipleChose_image', 'ID', 'ID_image', 'subjective_01', 'subjective_02'])
INFO 12/23/2019 07:04:31 PM :获取到的学号ID:6174709
INFO 12/23/2019 07:04:31 PM :本文件夹下所有图片 ['/home/qinyu/myproject/pythonProject/examination_opencv/examination_pro/examination_flask/inventory/utemp/334561/1576078828/1576078828.jpeg']
INFO 12/23/2019 07:04:31 PM :处理本张图片  "/home/qinyu/myproject/pythonProject/examination_opencv/examination_pro/examination_flask/inventory/utemp/334561/1576078828/1576078828.jpeg"
INFO 12/23/2019 07:04:31 PM :得到所有的获取到的所有key:dict_keys(['MultipleChose', 'MultipleChose_image', 'ID', 'ID_image', 'subjective_01', 'subjective_02'])
INFO 12/23/2019 07:04:31 PM :获取到的学号ID:3565637
